<?xml version="1.0" encoding="UTF-8"?>
<!-- Generated by org.testng.reporters.JUnitReportReporter -->
<testsuite name="scripts.Test1" tests="1" failures="0" timestamp="22 Jun 2020 12:12:17 GMT" time="1.791" errors="0">
  <testcase name="test" time="1.791" classname="scripts.Test1"/>
</testsuite> <!-- scripts.Test1 -->
