<?xml version="1.0" encoding="UTF-8"?>
<!-- Generated by org.testng.reporters.JUnitReportReporter -->
<testsuite name="scripts.TestLogin" tests="1" failures="0" timestamp="19 Sep 2020 13:55:49 GMT" time="0.071" errors="0">
  <testcase name="validLogin" time="0.071" classname="scripts.TestLogin"/>
</testsuite> <!-- scripts.TestLogin -->
